+ set -euo pipefail
+++ dirname ./scripts/deploy-contracts.sh
++ cd ./scripts/..
++ pwd
+ ROOT_DIR=/mnt/d/zeank/Desktop/Projects/aurum
+ CONTRACTS_DIR=/mnt/d/zeank/Desktop/Projects/aurum/contracts
+ ENV_CHECK_SCRIPT=/mnt/d/zeank/Desktop/Projects/aurum/scripts/check-dev2-env.sh
+ EXPECTED_CONTRACTS=("credit_registry" "compliance_registry" "oracle_paywall" "reputation_registry")
+ DEFAULT_PAYMENT_AMOUNT=300000000000
+ log 'Starting Dev 2 Casper testnet deployment'
+ echo '[aurum-dev2] Starting Dev 2 Casper testnet deployment'
[aurum-dev2] Starting Dev 2 Casper testnet deployment
+ log 'Testnet-only flow. Coordinate with teammates before submitting deploys when using a shared deployer key.'
+ echo '[aurum-dev2] Testnet-only flow. Coordinate with teammates before submitting deploys when using a shared deployer key.'
[aurum-dev2] Testnet-only flow. Coordinate with teammates before submitting deploys when using a shared deployer key.
+ command -v cargo
+ [[ ! -d /mnt/d/zeank/Desktop/Projects/aurum/contracts ]]
+ [[ -x /mnt/d/zeank/Desktop/Projects/aurum/scripts/check-dev2-env.sh ]]
+ log 'Running environment validation helper'
+ echo '[aurum-dev2] Running environment validation helper'
[aurum-dev2] Running environment validation helper
+ /mnt/d/zeank/Desktop/Projects/aurum/scripts/check-dev2-env.sh --deploy
[aurum-dev2] Checking Dev 2 environment in deploy mode
[aurum-dev2] This checker validates the Casper testnet Dev 2 flow only
[aurum-dev2] Required CASPER_RPC_URL present: htt***rpc
[aurum-dev2] Required CASPER_NETWORK_NAME present: cas***est
[aurum-dev2] Required CASPER_DEPLOY_CHAIN_NAME present: cas***est
[aurum-dev2] Required CASPER_PUBLIC_KEY present: 01a***388
[aurum-dev2] Required CASPER_ACCOUNT_HASH present: acc***dad
[aurum-dev2] Required X402_TREASURY_ACCOUNT present: acc***dad
[aurum-dev2] Preferred CASPER_PRIVATE_KEY_PATH points to an existing testnet key file: ./k***pem
[aurum-dev2] Optional CREDIT_REGISTRY_HASH present: has***try
[aurum-dev2] Optional COMPLIANCE_REGISTRY_HASH present: has***try
[aurum-dev2] Optional ORACLE_PAYWALL_HASH present: has***all
[aurum-dev2] Optional REPUTATION_REGISTRY_HASH present: has***try
[aurum-dev2] Optional X402_MODE present: ***
[aurum-dev2] Optional X402_QUERY_PRICE_CSPR present: ***
[aurum-dev2] Optional X402_NETWORK present: cas***est
[aurum-dev2] Optional CSPR_CLOUD_MODE present: ***
[aurum-dev2] Optional CSPR_CLOUD_BASE_URL present: htt***oud
[aurum-dev2] WARNING: Mock modes are acceptable for the hackathon MVP, but they must stay labeled as mock/demo.
[aurum-dev2] WARNING: Mainnet CSPR is not required and should not be used for this Dev 2 flow.
[aurum-dev2] WARNING: If a shared testnet deployer key is in use, coordinate before deployment to avoid duplicate contract instances.
[aurum-dev2] Environment check completed successfully
+ [[ -z casper-test ]]
+ [[ casper-test != *test* ]]
+ [[ -n casper-test ]]
+ [[ casper-test != *test* ]]
+ [[ -z https://node.testnet.cspr.cloud/rpc ]]
+ [[ -z 01a91d628758278b37b08990071fc2562a9212e43646cd034010bd4d0504c54388 ]]
+ [[ -z account-hash-e1b7c78127d7b8b652ec00dd074a74bd47b5a9eebe1fd94cec3bb3e2ce7d8dad ]]
+ SECRET_KEY_ARGS=()
+ [[ -n ./keys/deployer/secret_key.pem ]]
+ [[ ! -f ./keys/deployer/secret_key.pem ]]
+ log 'Using CASPER_PRIVATE_KEY_PATH for signing; private key contents will not be printed'
+ echo '[aurum-dev2] Using CASPER_PRIVATE_KEY_PATH for signing; private key contents will not be printed'
[aurum-dev2] Using CASPER_PRIVATE_KEY_PATH for signing; private key contents will not be printed
+ SECRET_KEY_ARGS=(--secret-key "${CASPER_PRIVATE_KEY_PATH}")
+ log 'Expected contracts to deploy:'
+ echo '[aurum-dev2] Expected contracts to deploy:'
[aurum-dev2] Expected contracts to deploy:
+ for contract in "${EXPECTED_CONTRACTS[@]}"
+ log '  - credit_registry'
+ echo '[aurum-dev2]   - credit_registry'
[aurum-dev2]   - credit_registry
+ for contract in "${EXPECTED_CONTRACTS[@]}"
+ log '  - compliance_registry'
+ echo '[aurum-dev2]   - compliance_registry'
[aurum-dev2]   - compliance_registry
+ for contract in "${EXPECTED_CONTRACTS[@]}"
+ log '  - oracle_paywall'
+ echo '[aurum-dev2]   - oracle_paywall'
[aurum-dev2]   - oracle_paywall
+ for contract in "${EXPECTED_CONTRACTS[@]}"
+ log '  - reputation_registry'
+ echo '[aurum-dev2]   - reputation_registry'
[aurum-dev2]   - reputation_registry
+ log 'Building Rust contract workspace'
+ echo '[aurum-dev2] Building Rust contract workspace'
[aurum-dev2] Building Rust contract workspace
+ cd /mnt/d/zeank/Desktop/Projects/aurum/contracts
+ cargo build --workspace
   Compiling serde_core v1.0.228
   Compiling ref-cast v1.0.25
   Compiling schemars v0.9.0
   Compiling casper-contract-schema v0.6.0
   Compiling serde v1.0.228
   Compiling serde_json v1.0.150
   Compiling odra-schema v2.8.1
   Compiling odra-build v2.8.1
   Compiling aurum_odra_contracts v0.1.0 (/mnt/d/zeank/Desktop/Projects/aurum/contracts/odra)
   Compiling odra v2.8.1
    Finished `dev` profile [unoptimized + debuginfo] target(s) in 17.94s
+ MISSING_WASM=()
+ for contract in "${EXPECTED_CONTRACTS[@]}"
+ find_contract_wasm credit_registry
+ local contract=credit_registry
+ local struct_name
++ contract_struct_name credit_registry
++ local contract=credit_registry
++ case "${contract}" in
++ printf %s CreditRegistry
+ struct_name=CreditRegistry
+ candidates=('/mnt/d/zeank/Desktop/Projects/aurum/contracts/wasm/CreditRegistry.wasm' '/mnt/d/zeank/Desktop/Projects/aurum/contracts/odra/wasm/CreditRegistry.wasm' '/mnt/d/zeank/Desktop/Projects/aurum/contracts/target/wasm32-unknown-unknown/release/credit_registry.wasm' '/mnt/d/zeank/Desktop/Projects/aurum/contracts/target/wasm32-unknown-unknown/release/credit-registry.wasm' '/mnt/d/zeank/Desktop/Projects/aurum/contracts/credit_registry/target/wasm32-unknown-unknown/release/credit_registry.wasm' '/mnt/d/zeank/Desktop/Projects/aurum/contracts/credit_registry/target/wasm32-unknown-unknown/release/credit-registry.wasm')
+ local candidates
+ local candidate
+ for candidate in "${candidates[@]}"
+ [[ -f /mnt/d/zeank/Desktop/Projects/aurum/contracts/wasm/CreditRegistry.wasm ]]
+ printf %s /mnt/d/zeank/Desktop/Projects/aurum/contracts/wasm/CreditRegistry.wasm
+ return 0
+ for contract in "${EXPECTED_CONTRACTS[@]}"
+ find_contract_wasm compliance_registry
+ local contract=compliance_registry
+ local struct_name
++ contract_struct_name compliance_registry
++ local contract=compliance_registry
++ case "${contract}" in
++ printf %s ComplianceRegistry
+ struct_name=ComplianceRegistry
+ candidates=('/mnt/d/zeank/Desktop/Projects/aurum/contracts/wasm/ComplianceRegistry.wasm' '/mnt/d/zeank/Desktop/Projects/aurum/contracts/odra/wasm/ComplianceRegistry.wasm' '/mnt/d/zeank/Desktop/Projects/aurum/contracts/target/wasm32-unknown-unknown/release/compliance_registry.wasm' '/mnt/d/zeank/Desktop/Projects/aurum/contracts/target/wasm32-unknown-unknown/release/compliance-registry.wasm' '/mnt/d/zeank/Desktop/Projects/aurum/contracts/compliance_registry/target/wasm32-unknown-unknown/release/compliance_registry.wasm' '/mnt/d/zeank/Desktop/Projects/aurum/contracts/compliance_registry/target/wasm32-unknown-unknown/release/compliance-registry.wasm')
+ local candidates
+ local candidate
+ for candidate in "${candidates[@]}"
+ [[ -f /mnt/d/zeank/Desktop/Projects/aurum/contracts/wasm/ComplianceRegistry.wasm ]]
+ printf %s /mnt/d/zeank/Desktop/Projects/aurum/contracts/wasm/ComplianceRegistry.wasm
+ return 0
+ for contract in "${EXPECTED_CONTRACTS[@]}"
+ find_contract_wasm oracle_paywall
+ local contract=oracle_paywall
+ local struct_name
++ contract_struct_name oracle_paywall
++ local contract=oracle_paywall
++ case "${contract}" in
++ printf %s OraclePaywall
+ struct_name=OraclePaywall
+ candidates=('/mnt/d/zeank/Desktop/Projects/aurum/contracts/wasm/OraclePaywall.wasm' '/mnt/d/zeank/Desktop/Projects/aurum/contracts/odra/wasm/OraclePaywall.wasm' '/mnt/d/zeank/Desktop/Projects/aurum/contracts/target/wasm32-unknown-unknown/release/oracle_paywall.wasm' '/mnt/d/zeank/Desktop/Projects/aurum/contracts/target/wasm32-unknown-unknown/release/oracle-paywall.wasm' '/mnt/d/zeank/Desktop/Projects/aurum/contracts/oracle_paywall/target/wasm32-unknown-unknown/release/oracle_paywall.wasm' '/mnt/d/zeank/Desktop/Projects/aurum/contracts/oracle_paywall/target/wasm32-unknown-unknown/release/oracle-paywall.wasm')
+ local candidates
+ local candidate
+ for candidate in "${candidates[@]}"
+ [[ -f /mnt/d/zeank/Desktop/Projects/aurum/contracts/wasm/OraclePaywall.wasm ]]
+ printf %s /mnt/d/zeank/Desktop/Projects/aurum/contracts/wasm/OraclePaywall.wasm
+ return 0
+ for contract in "${EXPECTED_CONTRACTS[@]}"
+ find_contract_wasm reputation_registry
+ local contract=reputation_registry
+ local struct_name
++ contract_struct_name reputation_registry
++ local contract=reputation_registry
++ case "${contract}" in
++ printf %s ReputationRegistry
+ struct_name=ReputationRegistry
+ candidates=('/mnt/d/zeank/Desktop/Projects/aurum/contracts/wasm/ReputationRegistry.wasm' '/mnt/d/zeank/Desktop/Projects/aurum/contracts/odra/wasm/ReputationRegistry.wasm' '/mnt/d/zeank/Desktop/Projects/aurum/contracts/target/wasm32-unknown-unknown/release/reputation_registry.wasm' '/mnt/d/zeank/Desktop/Projects/aurum/contracts/target/wasm32-unknown-unknown/release/reputation-registry.wasm' '/mnt/d/zeank/Desktop/Projects/aurum/contracts/reputation_registry/target/wasm32-unknown-unknown/release/reputation_registry.wasm' '/mnt/d/zeank/Desktop/Projects/aurum/contracts/reputation_registry/target/wasm32-unknown-unknown/release/reputation-registry.wasm')
+ local candidates
+ local candidate
+ for candidate in "${candidates[@]}"
+ [[ -f /mnt/d/zeank/Desktop/Projects/aurum/contracts/wasm/ReputationRegistry.wasm ]]
+ printf %s /mnt/d/zeank/Desktop/Projects/aurum/contracts/wasm/ReputationRegistry.wasm
+ return 0
+ [[ 0 -gt 0 ]]
+ command -v casper-client
+ log 'Found deployable Wasm artifacts; broadcasting to Casper testnet'
+ echo '[aurum-dev2] Found deployable Wasm artifacts; broadcasting to Casper testnet'
[aurum-dev2] Found deployable Wasm artifacts; broadcasting to Casper testnet
+ log 'WARNING: If another teammate already deployed this artifact set, stop here and use their deploy hashes instead.'
+ echo '[aurum-dev2] WARNING: If another teammate already deployed this artifact set, stop here and use their deploy hashes instead.'
[aurum-dev2] WARNING: If another teammate already deployed this artifact set, stop here and use their deploy hashes instead.
+ for contract in "${EXPECTED_CONTRACTS[@]}"
++ find_contract_wasm credit_registry
++ local contract=credit_registry
++ local struct_name
+++ contract_struct_name credit_registry
+++ local contract=credit_registry
+++ case "${contract}" in
+++ printf %s CreditRegistry
++ struct_name=CreditRegistry
++ candidates=('/mnt/d/zeank/Desktop/Projects/aurum/contracts/wasm/CreditRegistry.wasm' '/mnt/d/zeank/Desktop/Projects/aurum/contracts/odra/wasm/CreditRegistry.wasm' '/mnt/d/zeank/Desktop/Projects/aurum/contracts/target/wasm32-unknown-unknown/release/credit_registry.wasm' '/mnt/d/zeank/Desktop/Projects/aurum/contracts/target/wasm32-unknown-unknown/release/credit-registry.wasm' '/mnt/d/zeank/Desktop/Projects/aurum/contracts/credit_registry/target/wasm32-unknown-unknown/release/credit_registry.wasm' '/mnt/d/zeank/Desktop/Projects/aurum/contracts/credit_registry/target/wasm32-unknown-unknown/release/credit-registry.wasm')
++ local candidates
++ local candidate
++ for candidate in "${candidates[@]}"
++ [[ -f /mnt/d/zeank/Desktop/Projects/aurum/contracts/wasm/CreditRegistry.wasm ]]
++ printf %s /mnt/d/zeank/Desktop/Projects/aurum/contracts/wasm/CreditRegistry.wasm
++ return 0
+ wasm_path=/mnt/d/zeank/Desktop/Projects/aurum/contracts/wasm/CreditRegistry.wasm
++ contract_env_prefix credit_registry
++ local contract=credit_registry
++ printf %s CREDIT_REGISTRY
+ prefix=CREDIT_REGISTRY
+ log 'Deploying credit_registry from /mnt/d/zeank/Desktop/Projects/aurum/contracts/wasm/CreditRegistry.wasm'
+ echo '[aurum-dev2] Deploying credit_registry from /mnt/d/zeank/Desktop/Projects/aurum/contracts/wasm/CreditRegistry.wasm'
[aurum-dev2] Deploying credit_registry from /mnt/d/zeank/Desktop/Projects/aurum/contracts/wasm/CreditRegistry.wasm
++ casper-client put-deploy --node-address https://node.testnet.cspr.cloud/rpc --chain-name casper-test --secret-key ./keys/deployer/secret_key.pem --payment-amount 300000000000 --session-path /mnt/d/zeank/Desktop/Projects/aurum/contracts/wasm/CreditRegistry.wasm
+ output=$'\n#################################### WARNING ####################################\n#                                                                               #\n#        put-deploy subcommand is deprecated in favor of put-transaction        #\n#                    and will be removed in a future release                    #\n#                                                                               #\n#################################################################################\n\nresponse for rpc-id -1190284172960349223 chain_get_block is http error: HTTP status client error (401 Unauthorized) for url (https://node.testnet.cspr.cloud/rpc)'
